<?xml version="1.0" encoding="UTF-8"?>
<testng-results ignored="0" total="1" passed="1" failed="0" skipped="0">
  <reporter-output>
  </reporter-output>
  <suite started-at="2024-02-11T19:52:08 IST" name="Surefire suite" finished-at="2024-02-11T19:52:08 IST" duration-ms="47">
    <groups>
    </groups>
    <test started-at="2024-02-11T19:52:08 IST" name="Surefire test" finished-at="2024-02-11T19:52:08 IST" duration-ms="47">
      <class name="com.synergists.app.AppTest">
        <test-method signature="shouldAnswerWithTrue()" started-at="2024-02-11T19:52:08 IST" name="shouldAnswerWithTrue" finished-at="2024-02-11T19:52:08 IST" duration-ms="9" status="PASS">
          <reporter-output>
          </reporter-output>
        </test-method> <!-- shouldAnswerWithTrue -->
      </class> <!-- com.synergists.app.AppTest -->
    </test> <!-- Surefire test -->
  </suite> <!-- Surefire suite -->
</testng-results>
